<?xml version="1.0" encoding="UTF-8"?>
<!-- Generated by org.testng.reporters.JUnitReportReporter -->
<testsuite hostname="L-5CD4502FVD" failures="0" tests="1" name="io.percy.selenium.BajajDemoTestMobile" time="37.729" errors="0" timestamp="2025-04-25T13:08:31 IST" skipped="0">
  <testcase classname="io.percy.selenium.BajajDemoTestMobile" name="takesMultipleSnapshotsInOneTestCase" time="37.729"/>
  <system-out/>
</testsuite> <!-- io.percy.selenium.BajajDemoTestMobile -->
