<?xml version="1.0" encoding="UTF-8"?>
<!-- Generated by org.testng.reporters.JUnitReportReporter -->
<testsuite hostname="L-5CD4502FVD" failures="0" tests="1" name="io.percy.selenium.SimpleTest" time="0.044" errors="0" timestamp="2025-04-21T13:57:47 IST" skipped="0">
  <testcase classname="io.percy.selenium.SimpleTest" name="simpleTest" time="0.044"/>
  <system-out/>
</testsuite> <!-- io.percy.selenium.SimpleTest -->
