<?xml version="1.0" encoding="UTF-8"?>
<!-- Generated by org.testng.reporters.JUnitReportReporter -->
<testsuite hostname="L-5CD4502FVD" failures="0" tests="1" name="io.percy.selenium.BajajDemoTest" time="139.295" errors="0" timestamp="2025-04-24T15:24:33 IST" skipped="0">
  <testcase classname="io.percy.selenium.BajajDemoTest" name="takesMultipleSnapshotsInOneTestCase" time="139.295"/>
  <system-out/>
</testsuite> <!-- io.percy.selenium.BajajDemoTest -->
