<?xml version="1.0" encoding="UTF-8"?>
<!-- Generated by org.testng.reporters.JUnitReportReporter -->
<testsuite hostname="L-5CD4502FVD" failures="0" tests="1" name="io.percy.selenium.BrowserStackConnectionTest" time="1.327" errors="0" timestamp="2025-04-19T22:26:29 IST" skipped="0">
  <testcase classname="io.percy.selenium.BrowserStackConnectionTest" name="testBrowserStackConnection" time="1.327"/>
</testsuite> <!-- io.percy.selenium.BrowserStackConnectionTest -->
