<?xml version="1.0" encoding="UTF-8"?>
<!-- Generated by org.testng.reporters.JUnitReportReporter -->
<testsuite hostname="L-5CD4502FVD" failures="0" tests="1" name="io.percy.selenium.BajajDemoTest" time="91.822" errors="0" timestamp="2025-04-22T10:49:50 IST" skipped="0">
  <testcase classname="io.percy.selenium.BajajDemoTest" name="takesMultipleSnapshotsInOneTestCase" time="91.822"/>
  <system-out/>
</testsuite> <!-- io.percy.selenium.BajajDemoTest -->
