<?xml version="1.0" encoding="UTF-8"?>
<!-- Generated by org.testng.reporters.JUnitReportReporter -->
<testsuite hostname="L-5CD4502FVD" failures="0" tests="1" name="io.percy.selenium.xyz" time="50.540" errors="0" timestamp="2025-04-29T17:27:24 IST" skipped="0">
  <testcase classname="io.percy.selenium.xyz" name="takesMultipleSnapshotsInOneTestCaseForMobile" time="50.540"/>
</testsuite> <!-- io.percy.selenium.xyz -->
