<?xml version="1.0" encoding="UTF-8"?>
<!-- Generated by org.testng.reporters.JUnitReportReporter -->
<testsuite hostname="L-5CD4502FVD" failures="0" tests="1" name="io.percy.selenium.BajajDemoTestMobileWeb" time="70.710" errors="0" timestamp="2025-04-26T19:32:34 IST" skipped="0">
  <testcase classname="io.percy.selenium.BajajDemoTestMobileWeb" name="takesMultipleSnapshotsInOneTestCaseForMobile" time="70.710"/>
</testsuite> <!-- io.percy.selenium.BajajDemoTestMobileWeb -->
