<?xml version="1.0" encoding="UTF-8"?>
<!-- Generated by org.testng.reporters.JUnitReportReporter -->
<testsuite hostname="L-5CD4502FVD" failures="0" tests="1" name="io.percy.selenium.BajajDemoTest" time="75.596" errors="0" timestamp="2025-06-10T16:48:03 IST" skipped="0">
  <testcase classname="io.percy.selenium.BajajDemoTest" name="takesMultipleSnapshotsInOneTestCaseForMobile" time="75.596"/>
</testsuite> <!-- io.percy.selenium.BajajDemoTest -->
