<?xml version="1.0" encoding="UTF-8"?>
<!-- Generated by org.testng.reporters.JUnitReportReporter -->
<testsuite hostname="L-5CD4502FVD" failures="0" tests="1" name="io.percy.selenium.BajajDemoTestMain" time="61.887" errors="0" timestamp="2025-06-12T10:31:52 IST" skipped="0">
  <testcase classname="io.percy.selenium.BajajDemoTestMain" name="takesMultipleSnapshotsInOneTestCase" time="61.887"/>
</testsuite> <!-- io.percy.selenium.BajajDemoTestMain -->
