<?xml version="1.0" encoding="UTF-8"?>
<!-- Generated by org.testng.reporters.JUnitReportReporter -->
<testsuite hostname="L-5CD4502FVD" failures="0" tests="1" name="io.percy.selenium.BajajDemoTestJune" time="80.821" errors="0" timestamp="2025-06-10T17:00:02 IST" skipped="0">
  <testcase classname="io.percy.selenium.BajajDemoTestJune" name="takesMultipleSnapshotsInOneTestCaseForMobile" time="80.821"/>
</testsuite> <!-- io.percy.selenium.BajajDemoTestJune -->
