<?xml version="1.0" encoding="UTF-8"?>
<!-- Generated by org.testng.reporters.JUnitReportReporter -->
<testsuite hostname="L-5CD4502FVD" failures="0" tests="1" name="io.percy.selenium.SkippingIgnoringPopups" time="99.982" errors="0" timestamp="2025-04-27T13:55:45 IST" skipped="0">
  <testcase classname="io.percy.selenium.SkippingIgnoringPopups" name="takesMultipleSnapshotsInOneTestCase" time="99.982"/>
</testsuite> <!-- io.percy.selenium.SkippingIgnoringPopups -->
