<?xml version="1.0" encoding="UTF-8"?>
<!-- Generated by org.testng.reporters.JUnitReportReporter -->
<testsuite hostname="L-5CD4502FVD" failures="0" tests="1" name="io.percy.selenium.BajajDemoTestMobile" time="113.775" errors="0" timestamp="2025-04-26T20:38:39 IST" skipped="0">
  <testcase classname="io.percy.selenium.BajajDemoTestMobile" name="takesMultipleSnapshotsInOneTestCase" time="113.775"/>
</testsuite> <!-- io.percy.selenium.BajajDemoTestMobile -->
